This file contains any messages produced by compilers while
running configure, to aid debugging if configure makes a mistake.

It was created by libecf configure 1.4.2, which was
generated by GNU Autoconf 2.69.  Invocation command line was

  $ ./configure 

## --------- ##
## Platform. ##
## --------- ##

hostname = s510
uname -m = x86_64
uname -r = 4.15.0-88-generic
uname -s = Linux
uname -v = #88-Ubuntu SMP Tue Feb 11 20:11:34 UTC 2020

/usr/bin/uname -p = unknown
/bin/uname -X     = unknown

/bin/arch              = unknown
/usr/bin/arch -k       = unknown
/usr/convex/getsysinfo = unknown
/usr/bin/hostinfo      = unknown
/bin/machine           = unknown
/usr/bin/oslevel       = unknown
/bin/universe          = unknown

PATH: /home/karla/.local/bin
PATH: /usr/local/sbin
PATH: /usr/local/bin
PATH: /usr/sbin
PATH: /usr/bin
PATH: /sbin
PATH: /bin
PATH: /usr/games
PATH: /usr/local/games
PATH: /snap/bin
PATH: /opt/Blackfin/opt/uClinux/bfin-uclinux/bin
PATH: /opt/uClinux/bfin-linux-uclibc/bin


## ----------- ##
## Core tests. ##
## ----------- ##

configure:2317: checking for a BSD-compatible install
configure:2385: result: /usr/bin/install -c
configure:2396: checking whether build environment is sane
configure:2451: result: yes
configure:2602: checking for a thread-safe mkdir -p
configure:2641: result: /bin/mkdir -p
configure:2648: checking for gawk
configure:2664: found /usr/bin/gawk
configure:2675: result: gawk
configure:2686: checking whether make sets $(MAKE)
configure:2708: result: yes
configure:2737: checking whether make supports nested variables
configure:2754: result: yes
configure:2939: checking for g++
configure:2955: found /usr/bin/g++
configure:2966: result: g++
configure:2993: checking for C++ compiler version
configure:3002: g++ --version >&5
g++ (Ubuntu 7.5.0-3ubuntu1~18.04) 7.5.0
Copyright (C) 2017 Free Software Foundation, Inc.
This is free software; see the source for copying conditions.  There is NO
warranty; not even for MERCHANTABILITY or FITNESS FOR A PARTICULAR PURPOSE.

configure:3013: $? = 0
configure:3002: g++ -v >&5
Using built-in specs.
COLLECT_GCC=g++
COLLECT_LTO_WRAPPER=/usr/lib/gcc/x86_64-linux-gnu/7/lto-wrapper
OFFLOAD_TARGET_NAMES=nvptx-none
OFFLOAD_TARGET_DEFAULT=1
Target: x86_64-linux-gnu
Configured with: ../src/configure -v --with-pkgversion='Ubuntu 7.5.0-3ubuntu1~18.04' --with-bugurl=file:///usr/share/doc/gcc-7/README.Bugs --enable-languages=c,ada,c++,go,brig,d,fortran,objc,obj-c++ --prefix=/usr --with-gcc-major-version-only --program-suffix=-7 --program-prefix=x86_64-linux-gnu- --enable-shared --enable-linker-build-id --libexecdir=/usr/lib --without-included-gettext --enable-threads=posix --libdir=/usr/lib --enable-nls --enable-bootstrap --enable-clocale=gnu --enable-libstdcxx-debug --enable-libstdcxx-time=yes --with-default-libstdcxx-abi=new --enable-gnu-unique-object --disable-vtable-verify --enable-libmpx --enable-plugin --enable-default-pie --with-system-zlib --with-target-system-zlib --enable-objc-gc=auto --enable-multiarch --disable-werror --with-arch-32=i686 --with-abi=m64 --with-multilib-list=m32,m64,mx32 --enable-multilib --with-tune=generic --enable-offload-targets=nvptx-none --without-cuda-driver --enable-checking=release --build=x86_64-linux-gnu --host=x86_64-linux-gnu --target=x86_64-linux-gnu
Thread model: posix
gcc version 7.5.0 (Ubuntu 7.5.0-3ubuntu1~18.04) 
configure:3013: $? = 0
configure:3002: g++ -V >&5
g++: error: unrecognized command line option '-V'
g++: fatal error: no input files
compilation terminated.
configure:3013: $? = 1
configure:3002: g++ -qversion >&5
g++: error: unrecognized command line option '-qversion'; did you mean '--version'?
g++: fatal error: no input files
compilation terminated.
configure:3013: $? = 1
configure:3033: checking whether the C++ compiler works
configure:3055: g++    conftest.cpp  >&5
configure:3059: $? = 0
configure:3107: result: yes
configure:3110: checking for C++ compiler default output file name
configure:3112: result: a.out
configure:3118: checking for suffix of executables
configure:3125: g++ -o conftest    conftest.cpp  >&5
configure:3129: $? = 0
configure:3151: result: 
configure:3173: checking whether we are cross compiling
configure:3181: g++ -o conftest    conftest.cpp  >&5
configure:3185: $? = 0
configure:3192: ./conftest
configure:3196: $? = 0
configure:3211: result: no
configure:3216: checking for suffix of object files
configure:3238: g++ -c   conftest.cpp >&5
configure:3242: $? = 0
configure:3263: result: o
configure:3267: checking whether we are using the GNU C++ compiler
configure:3286: g++ -c   conftest.cpp >&5
configure:3286: $? = 0
configure:3295: result: yes
configure:3304: checking whether g++ accepts -g
configure:3324: g++ -c -g  conftest.cpp >&5
configure:3324: $? = 0
configure:3365: result: yes
configure:3399: checking for style of include used by make
configure:3427: result: GNU
configure:3453: checking dependency style of g++
configure:3564: result: gcc3
configure:3608: checking build system type
configure:3622: result: x86_64-pc-linux-gnu
configure:3642: checking host system type
configure:3655: result: x86_64-pc-linux-gnu
configure:3696: checking how to print strings
configure:3723: result: printf
configure:3792: checking for gcc
configure:3808: found /usr/bin/gcc
configure:3819: result: gcc
configure:4048: checking for C compiler version
configure:4057: gcc --version >&5
gcc (Ubuntu 7.5.0-3ubuntu1~18.04) 7.5.0
Copyright (C) 2017 Free Software Foundation, Inc.
This is free software; see the source for copying conditions.  There is NO
warranty; not even for MERCHANTABILITY or FITNESS FOR A PARTICULAR PURPOSE.

configure:4068: $? = 0
configure:4057: gcc -v >&5
Using built-in specs.
COLLECT_GCC=gcc
COLLECT_LTO_WRAPPER=/usr/lib/gcc/x86_64-linux-gnu/7/lto-wrapper
OFFLOAD_TARGET_NAMES=nvptx-none
OFFLOAD_TARGET_DEFAULT=1
Target: x86_64-linux-gnu
Configured with: ../src/configure -v --with-pkgversion='Ubuntu 7.5.0-3ubuntu1~18.04' --with-bugurl=file:///usr/share/doc/gcc-7/README.Bugs --enable-languages=c,ada,c++,go,brig,d,fortran,objc,obj-c++ --prefix=/usr --with-gcc-major-version-only --program-suffix=-7 --program-prefix=x86_64-linux-gnu- --enable-shared --enable-linker-build-id --libexecdir=/usr/lib --without-included-gettext --enable-threads=posix --libdir=/usr/lib --enable-nls --enable-bootstrap --enable-clocale=gnu --enable-libstdcxx-debug --enable-libstdcxx-time=yes --with-default-libstdcxx-abi=new --enable-gnu-unique-object --disable-vtable-verify --enable-libmpx --enable-plugin --enable-default-pie --with-system-zlib --with-target-system-zlib --enable-objc-gc=auto --enable-multiarch --disable-werror --with-arch-32=i686 --with-abi=m64 --with-multilib-list=m32,m64,mx32 --enable-multilib --with-tune=generic --enable-offload-targets=nvptx-none --without-cuda-driver --enable-checking=release --build=x86_64-linux-gnu --host=x86_64-linux-gnu --target=x86_64-linux-gnu
Thread model: posix
gcc version 7.5.0 (Ubuntu 7.5.0-3ubuntu1~18.04) 
configure:4068: $? = 0
configure:4057: gcc -V >&5
gcc: error: unrecognized command line option '-V'
gcc: fatal error: no input files
compilation terminated.
configure:4068: $? = 1
configure:4057: gcc -qversion >&5
gcc: error: unrecognized command line option '-qversion'; did you mean '--version'?
gcc: fatal error: no input files
compilation terminated.
configure:4068: $? = 1
configure:4072: checking whether we are using the GNU C compiler
configure:4091: gcc -c   conftest.c >&5
configure:4091: $? = 0
configure:4100: result: yes
configure:4109: checking whether gcc accepts -g
configure:4129: gcc -c -g  conftest.c >&5
configure:4129: $? = 0
configure:4170: result: yes
configure:4187: checking for gcc option to accept ISO C89
configure:4250: gcc  -c -g -O2  conftest.c >&5
configure:4250: $? = 0
configure:4263: result: none needed
configure:4288: checking whether gcc understands -c and -o together
configure:4310: gcc -c conftest.c -o conftest2.o
configure:4313: $? = 0
configure:4310: gcc -c conftest.c -o conftest2.o
configure:4313: $? = 0
configure:4325: result: yes
configure:4344: checking dependency style of gcc
configure:4455: result: gcc3
configure:4470: checking for a sed that does not truncate output
configure:4534: result: /bin/sed
configure:4552: checking for grep that handles long lines and -e
configure:4610: result: /bin/grep
configure:4615: checking for egrep
configure:4677: result: /bin/grep -E
configure:4682: checking for fgrep
configure:4744: result: /bin/grep -F
configure:4779: checking for ld used by gcc
configure:4846: result: /usr/bin/ld
configure:4853: checking if the linker (/usr/bin/ld) is GNU ld
configure:4868: result: yes
configure:4880: checking for BSD- or MS-compatible name lister (nm)
configure:4934: result: /usr/bin/nm -B
configure:5064: checking the name lister (/usr/bin/nm -B) interface
configure:5071: gcc -c -g -O2  conftest.c >&5
configure:5074: /usr/bin/nm -B "conftest.o"
configure:5077: output
0000000000000000 B some_variable
configure:5084: result: BSD nm
configure:5087: checking whether ln -s works
configure:5091: result: yes
configure:5099: checking the maximum length of command line arguments
configure:5230: result: 1572864
configure:5278: checking how to convert x86_64-pc-linux-gnu file names to x86_64-pc-linux-gnu format
configure:5318: result: func_convert_file_noop
configure:5325: checking how to convert x86_64-pc-linux-gnu file names to toolchain format
configure:5345: result: func_convert_file_noop
configure:5352: checking for /usr/bin/ld option to reload object files
configure:5359: result: -r
configure:5433: checking for objdump
configure:5449: found /usr/bin/objdump
configure:5460: result: objdump
configure:5492: checking how to recognize dependent libraries
configure:5692: result: pass_all
configure:5777: checking for dlltool
configure:5807: result: no
configure:5837: checking how to associate runtime and link libraries
configure:5864: result: printf %s\n
configure:5925: checking for ar
configure:5941: found /usr/bin/ar
configure:5952: result: ar
configure:5989: checking for archiver @FILE support
configure:6006: gcc -c -g -O2  conftest.c >&5
configure:6006: $? = 0
configure:6009: ar cru libconftest.a @conftest.lst >&5
ar: `u' modifier ignored since `D' is the default (see `U')
configure:6012: $? = 0
configure:6017: ar cru libconftest.a @conftest.lst >&5
ar: `u' modifier ignored since `D' is the default (see `U')
ar: conftest.o: No such file or directory
configure:6020: $? = 1
configure:6032: result: @
configure:6090: checking for strip
configure:6106: found /usr/bin/strip
configure:6117: result: strip
configure:6189: checking for ranlib
configure:6205: found /usr/bin/ranlib
configure:6216: result: ranlib
configure:6318: checking command to parse /usr/bin/nm -B output from gcc object
configure:6471: gcc -c -g -O2  conftest.c >&5
configure:6474: $? = 0
configure:6478: /usr/bin/nm -B conftest.o \| sed -n -e 's/^.*[ ]\([ABCDGIRSTW][ABCDGIRSTW]*\)[ ][ ]*\([_A-Za-z][_A-Za-z0-9]*\)$/\1 \2 \2/p' | sed '/ __gnu_lto/d' \> conftest.nm
configure:6481: $? = 0
configure:6547: gcc -o conftest -g -O2   conftest.c conftstm.o >&5
configure:6550: $? = 0
configure:6588: result: ok
configure:6635: checking for sysroot
configure:6665: result: no
configure:6672: checking for a working dd
configure:6710: result: /bin/dd
configure:6714: checking how to truncate binary pipes
configure:6729: result: /bin/dd bs=4096 count=1
configure:6865: gcc -c -g -O2  conftest.c >&5
configure:6868: $? = 0
configure:7058: checking for mt
configure:7074: found /bin/mt
configure:7085: result: mt
configure:7108: checking if mt is a manifest tool
configure:7114: mt '-?'
configure:7122: result: no
configure:7799: checking how to run the C preprocessor
configure:7830: gcc -E  conftest.c
configure:7830: $? = 0
configure:7844: gcc -E  conftest.c
conftest.c:11:10: fatal error: ac_nonexistent.h: No such file or directory
 #include <ac_nonexistent.h>
          ^~~~~~~~~~~~~~~~~~
compilation terminated.
configure:7844: $? = 1
configure: failed program was:
| /* confdefs.h */
| #define PACKAGE_NAME "libecf"
| #define PACKAGE_TARNAME "libecf"
| #define PACKAGE_VERSION "1.4.2"
| #define PACKAGE_STRING "libecf 1.4.2"
| #define PACKAGE_BUGREPORT "domagoj.jakobovic@fer.hr"
| #define PACKAGE_URL ""
| #define PACKAGE "libecf"
| #define VERSION "1.4.2"
| /* end confdefs.h.  */
| #include <ac_nonexistent.h>
configure:7869: result: gcc -E
configure:7889: gcc -E  conftest.c
configure:7889: $? = 0
configure:7903: gcc -E  conftest.c
conftest.c:11:10: fatal error: ac_nonexistent.h: No such file or directory
 #include <ac_nonexistent.h>
          ^~~~~~~~~~~~~~~~~~
compilation terminated.
configure:7903: $? = 1
configure: failed program was:
| /* confdefs.h */
| #define PACKAGE_NAME "libecf"
| #define PACKAGE_TARNAME "libecf"
| #define PACKAGE_VERSION "1.4.2"
| #define PACKAGE_STRING "libecf 1.4.2"
| #define PACKAGE_BUGREPORT "domagoj.jakobovic@fer.hr"
| #define PACKAGE_URL ""
| #define PACKAGE "libecf"
| #define VERSION "1.4.2"
| /* end confdefs.h.  */
| #include <ac_nonexistent.h>
configure:7932: checking for ANSI C header files
configure:7952: gcc -c -g -O2  conftest.c >&5
configure:7952: $? = 0
configure:8025: gcc -o conftest -g -O2   conftest.c  >&5
configure:8025: $? = 0
configure:8025: ./conftest
configure:8025: $? = 0
configure:8036: result: yes
configure:8049: checking for sys/types.h
configure:8049: gcc -c -g -O2  conftest.c >&5
configure:8049: $? = 0
configure:8049: result: yes
configure:8049: checking for sys/stat.h
configure:8049: gcc -c -g -O2  conftest.c >&5
configure:8049: $? = 0
configure:8049: result: yes
configure:8049: checking for stdlib.h
configure:8049: gcc -c -g -O2  conftest.c >&5
configure:8049: $? = 0
configure:8049: result: yes
configure:8049: checking for string.h
configure:8049: gcc -c -g -O2  conftest.c >&5
configure:8049: $? = 0
configure:8049: result: yes
configure:8049: checking for memory.h
configure:8049: gcc -c -g -O2  conftest.c >&5
configure:8049: $? = 0
configure:8049: result: yes
configure:8049: checking for strings.h
configure:8049: gcc -c -g -O2  conftest.c >&5
configure:8049: $? = 0
configure:8049: result: yes
configure:8049: checking for inttypes.h
configure:8049: gcc -c -g -O2  conftest.c >&5
configure:8049: $? = 0
configure:8049: result: yes
configure:8049: checking for stdint.h
configure:8049: gcc -c -g -O2  conftest.c >&5
configure:8049: $? = 0
configure:8049: result: yes
configure:8049: checking for unistd.h
configure:8049: gcc -c -g -O2  conftest.c >&5
configure:8049: $? = 0
configure:8049: result: yes
configure:8063: checking for dlfcn.h
configure:8063: gcc -c -g -O2  conftest.c >&5
configure:8063: $? = 0
configure:8063: result: yes
configure:8330: checking for objdir
configure:8345: result: .libs
configure:8605: checking if gcc supports -fno-rtti -fno-exceptions
configure:8623: gcc -c -g -O2  -fno-rtti -fno-exceptions conftest.c >&5
cc1: warning: command line option '-fno-rtti' is valid for C++/ObjC++ but not for C
configure:8627: $? = 0
configure:8640: result: no
configure:8998: checking for gcc option to produce PIC
configure:9005: result: -fPIC -DPIC
configure:9013: checking if gcc PIC flag -fPIC -DPIC works
configure:9031: gcc -c -g -O2  -fPIC -DPIC -DPIC conftest.c >&5
configure:9035: $? = 0
configure:9048: result: yes
configure:9077: checking if gcc static flag -static works
configure:9105: result: yes
configure:9120: checking if gcc supports -c -o file.o
configure:9141: gcc -c -g -O2  -o out/conftest2.o conftest.c >&5
configure:9145: $? = 0
configure:9167: result: yes
configure:9175: checking if gcc supports -c -o file.o
configure:9222: result: yes
configure:9255: checking whether the gcc linker (/usr/bin/ld -m elf_x86_64) supports shared libraries
configure:10518: result: yes
configure:10555: checking whether -lc should be explicitly linked in
configure:10563: gcc -c -g -O2  conftest.c >&5
configure:10566: $? = 0
configure:10581: gcc -shared  -fPIC -DPIC conftest.o  -v -Wl,-soname -Wl,conftest -o conftest 2\>\&1 \| /bin/grep  -lc  \>/dev/null 2\>\&1
configure:10584: $? = 0
configure:10598: result: no
configure:10758: checking dynamic linker characteristics
configure:11339: gcc -o conftest -g -O2   -Wl,-rpath -Wl,/foo conftest.c  >&5
configure:11339: $? = 0
configure:11588: result: GNU/Linux ld.so
configure:11710: checking how to hardcode library paths into programs
configure:11735: result: immediate
configure:12283: checking whether stripping libraries is possible
configure:12288: result: yes
configure:12323: checking if libtool supports shared libraries
configure:12325: result: yes
configure:12328: checking whether to build shared libraries
configure:12353: result: yes
configure:12356: checking whether to build static libraries
configure:12360: result: yes
configure:12383: checking how to run the C++ preprocessor
configure:12410: g++ -E  conftest.cpp
configure:12410: $? = 0
configure:12424: g++ -E  conftest.cpp
conftest.cpp:23:10: fatal error: ac_nonexistent.h: No such file or directory
 #include <ac_nonexistent.h>
          ^~~~~~~~~~~~~~~~~~
compilation terminated.
configure:12424: $? = 1
configure: failed program was:
| /* confdefs.h */
| #define PACKAGE_NAME "libecf"
| #define PACKAGE_TARNAME "libecf"
| #define PACKAGE_VERSION "1.4.2"
| #define PACKAGE_STRING "libecf 1.4.2"
| #define PACKAGE_BUGREPORT "domagoj.jakobovic@fer.hr"
| #define PACKAGE_URL ""
| #define PACKAGE "libecf"
| #define VERSION "1.4.2"
| #define STDC_HEADERS 1
| #define HAVE_SYS_TYPES_H 1
| #define HAVE_SYS_STAT_H 1
| #define HAVE_STDLIB_H 1
| #define HAVE_STRING_H 1
| #define HAVE_MEMORY_H 1
| #define HAVE_STRINGS_H 1
| #define HAVE_INTTYPES_H 1
| #define HAVE_STDINT_H 1
| #define HAVE_UNISTD_H 1
| #define HAVE_DLFCN_H 1
| #define LT_OBJDIR ".libs/"
| /* end confdefs.h.  */
| #include <ac_nonexistent.h>
configure:12449: result: g++ -E
configure:12469: g++ -E  conftest.cpp
configure:12469: $? = 0
configure:12483: g++ -E  conftest.cpp
conftest.cpp:23:10: fatal error: ac_nonexistent.h: No such file or directory
 #include <ac_nonexistent.h>
          ^~~~~~~~~~~~~~~~~~
compilation terminated.
configure:12483: $? = 1
configure: failed program was:
| /* confdefs.h */
| #define PACKAGE_NAME "libecf"
| #define PACKAGE_TARNAME "libecf"
| #define PACKAGE_VERSION "1.4.2"
| #define PACKAGE_STRING "libecf 1.4.2"
| #define PACKAGE_BUGREPORT "domagoj.jakobovic@fer.hr"
| #define PACKAGE_URL ""
| #define PACKAGE "libecf"
| #define VERSION "1.4.2"
| #define STDC_HEADERS 1
| #define HAVE_SYS_TYPES_H 1
| #define HAVE_SYS_STAT_H 1
| #define HAVE_STDLIB_H 1
| #define HAVE_STRING_H 1
| #define HAVE_MEMORY_H 1
| #define HAVE_STRINGS_H 1
| #define HAVE_INTTYPES_H 1
| #define HAVE_STDINT_H 1
| #define HAVE_UNISTD_H 1
| #define HAVE_DLFCN_H 1
| #define LT_OBJDIR ".libs/"
| /* end confdefs.h.  */
| #include <ac_nonexistent.h>
configure:12645: checking for ld used by g++
configure:12712: result: /usr/bin/ld -m elf_x86_64
configure:12719: checking if the linker (/usr/bin/ld -m elf_x86_64) is GNU ld
configure:12734: result: yes
configure:12789: checking whether the g++ linker (/usr/bin/ld -m elf_x86_64) supports shared libraries
configure:13862: result: yes
configure:13898: g++ -c -g -O2  conftest.cpp >&5
configure:13901: $? = 0
configure:14382: checking for g++ option to produce PIC
configure:14389: result: -fPIC -DPIC
configure:14397: checking if g++ PIC flag -fPIC -DPIC works
configure:14415: g++ -c -g -O2  -fPIC -DPIC -DPIC conftest.cpp >&5
configure:14419: $? = 0
configure:14432: result: yes
configure:14455: checking if g++ static flag -static works
configure:14483: result: yes
configure:14495: checking if g++ supports -c -o file.o
configure:14516: g++ -c -g -O2  -o out/conftest2.o conftest.cpp >&5
configure:14520: $? = 0
configure:14542: result: yes
configure:14547: checking if g++ supports -c -o file.o
configure:14594: result: yes
configure:14624: checking whether the g++ linker (/usr/bin/ld -m elf_x86_64) supports shared libraries
configure:14667: result: yes
configure:14808: checking dynamic linker characteristics
configure:15565: result: GNU/Linux ld.so
configure:15630: checking how to hardcode library paths into programs
configure:15655: result: immediate
configure:15717: checking if --with-mpi option is specified
configure:15725: result: "default"
configure:15888: checking that generated files are newer than configure
configure:15894: result: done
configure:15925: creating ./config.status

## ---------------------- ##
## Running config.status. ##
## ---------------------- ##

This file was extended by libecf config.status 1.4.2, which was
generated by GNU Autoconf 2.69.  Invocation command line was

  CONFIG_FILES    = 
  CONFIG_HEADERS  = 
  CONFIG_LINKS    = 
  CONFIG_COMMANDS = 
  $ ./config.status 

on s510

config.status:1073: creating Makefile
config.status:1073: creating ECF/Makefile
config.status:1245: executing depfiles commands
config.status:1245: executing libtool commands

## ---------------- ##
## Cache variables. ##
## ---------------- ##

ac_cv_build=x86_64-pc-linux-gnu
ac_cv_c_compiler_gnu=yes
ac_cv_cxx_compiler_gnu=yes
ac_cv_env_CCC_set=
ac_cv_env_CCC_value=
ac_cv_env_CC_set=
ac_cv_env_CC_value=
ac_cv_env_CFLAGS_set=
ac_cv_env_CFLAGS_value=
ac_cv_env_CPPFLAGS_set=
ac_cv_env_CPPFLAGS_value=
ac_cv_env_CPP_set=
ac_cv_env_CPP_value=
ac_cv_env_CXXCPP_set=
ac_cv_env_CXXCPP_value=
ac_cv_env_CXXFLAGS_set=
ac_cv_env_CXXFLAGS_value=
ac_cv_env_CXX_set=
ac_cv_env_CXX_value=
ac_cv_env_LDFLAGS_set=
ac_cv_env_LDFLAGS_value=
ac_cv_env_LIBS_set=
ac_cv_env_LIBS_value=
ac_cv_env_LT_SYS_LIBRARY_PATH_set=
ac_cv_env_LT_SYS_LIBRARY_PATH_value=
ac_cv_env_build_alias_set=
ac_cv_env_build_alias_value=
ac_cv_env_host_alias_set=
ac_cv_env_host_alias_value=
ac_cv_env_target_alias_set=
ac_cv_env_target_alias_value=
ac_cv_header_dlfcn_h=yes
ac_cv_header_inttypes_h=yes
ac_cv_header_memory_h=yes
ac_cv_header_stdc=yes
ac_cv_header_stdint_h=yes
ac_cv_header_stdlib_h=yes
ac_cv_header_string_h=yes
ac_cv_header_strings_h=yes
ac_cv_header_sys_stat_h=yes
ac_cv_header_sys_types_h=yes
ac_cv_header_unistd_h=yes
ac_cv_host=x86_64-pc-linux-gnu
ac_cv_objext=o
ac_cv_path_EGREP='/bin/grep -E'
ac_cv_path_FGREP='/bin/grep -F'
ac_cv_path_GREP=/bin/grep
ac_cv_path_SED=/bin/sed
ac_cv_path_install='/usr/bin/install -c'
ac_cv_path_lt_DD=/bin/dd
ac_cv_path_mkdir=/bin/mkdir
ac_cv_prog_AWK=gawk
ac_cv_prog_CPP='gcc -E'
ac_cv_prog_CXXCPP='g++ -E'
ac_cv_prog_ac_ct_AR=ar
ac_cv_prog_ac_ct_CC=gcc
ac_cv_prog_ac_ct_CXX=g++
ac_cv_prog_ac_ct_MANIFEST_TOOL=mt
ac_cv_prog_ac_ct_OBJDUMP=objdump
ac_cv_prog_ac_ct_RANLIB=ranlib
ac_cv_prog_ac_ct_STRIP=strip
ac_cv_prog_cc_c89=
ac_cv_prog_cc_g=yes
ac_cv_prog_cxx_g=yes
ac_cv_prog_make_make_set=yes
am_cv_CC_dependencies_compiler_type=gcc3
am_cv_CXX_dependencies_compiler_type=gcc3
am_cv_make_support_nested_variables=yes
am_cv_prog_cc_c_o=yes
lt_cv_ar_at_file=@
lt_cv_archive_cmds_need_lc=no
lt_cv_deplibs_check_method=pass_all
lt_cv_file_magic_cmd='$MAGIC_CMD'
lt_cv_file_magic_test_file=
lt_cv_ld_reload_flag=-r
lt_cv_nm_interface='BSD nm'
lt_cv_objdir=.libs
lt_cv_path_LD=/usr/bin/ld
lt_cv_path_LDCXX='/usr/bin/ld -m elf_x86_64'
lt_cv_path_NM='/usr/bin/nm -B'
lt_cv_path_mainfest_tool=no
lt_cv_prog_compiler_c_o=yes
lt_cv_prog_compiler_c_o_CXX=yes
lt_cv_prog_compiler_pic='-fPIC -DPIC'
lt_cv_prog_compiler_pic_CXX='-fPIC -DPIC'
lt_cv_prog_compiler_pic_works=yes
lt_cv_prog_compiler_pic_works_CXX=yes
lt_cv_prog_compiler_rtti_exceptions=no
lt_cv_prog_compiler_static_works=yes
lt_cv_prog_compiler_static_works_CXX=yes
lt_cv_prog_gnu_ld=yes
lt_cv_prog_gnu_ldcxx=yes
lt_cv_sharedlib_from_linklib_cmd='printf %s\n'
lt_cv_shlibpath_overrides_runpath=yes
lt_cv_sys_global_symbol_pipe='sed -n -e '\''s/^.*[	 ]\([ABCDGIRSTW][ABCDGIRSTW]*\)[	 ][	 ]*\([_A-Za-z][_A-Za-z0-9]*\)$/\1 \2 \2/p'\'' | sed '\''/ __gnu_lto/d'\'''
lt_cv_sys_global_symbol_to_c_name_address='sed -n -e '\''s/^: \(.*\) .*$/  {"\1", (void *) 0},/p'\'' -e '\''s/^[ABCDGIRSTW][ABCDGIRSTW]* .* \(.*\)$/  {"\1", (void *) \&\1},/p'\'''
lt_cv_sys_global_symbol_to_c_name_address_lib_prefix='sed -n -e '\''s/^: \(.*\) .*$/  {"\1", (void *) 0},/p'\'' -e '\''s/^[ABCDGIRSTW][ABCDGIRSTW]* .* \(lib.*\)$/  {"\1", (void *) \&\1},/p'\'' -e '\''s/^[ABCDGIRSTW][ABCDGIRSTW]* .* \(.*\)$/  {"lib\1", (void *) \&\1},/p'\'''
lt_cv_sys_global_symbol_to_cdecl='sed -n -e '\''s/^T .* \(.*\)$/extern int \1();/p'\'' -e '\''s/^[ABCDGIRSTW][ABCDGIRSTW]* .* \(.*\)$/extern char \1;/p'\'''
lt_cv_sys_global_symbol_to_import=
lt_cv_sys_max_cmd_len=1572864
lt_cv_to_host_file_cmd=func_convert_file_noop
lt_cv_to_tool_file_cmd=func_convert_file_noop
lt_cv_truncate_bin='/bin/dd bs=4096 count=1'

## ----------------- ##
## Output variables. ##
## ----------------- ##

ACLOCAL='${SHELL} /home/karla/ECF_scheduling/missing aclocal-1.15'
AMDEPBACKSLASH='\'
AMDEP_FALSE='#'
AMDEP_TRUE=''
AMTAR='$${TAR-tar}'
AM_BACKSLASH='\'
AM_DEFAULT_V='$(AM_DEFAULT_VERBOSITY)'
AM_DEFAULT_VERBOSITY='1'
AM_V='$(V)'
AR='ar'
AUTOCONF='${SHELL} /home/karla/ECF_scheduling/missing autoconf'
AUTOHEADER='${SHELL} /home/karla/ECF_scheduling/missing autoheader'
AUTOMAKE='${SHELL} /home/karla/ECF_scheduling/missing automake-1.15'
AWK='gawk'
CC='gcc'
CCDEPMODE='depmode=gcc3'
CFLAGS='-g -O2'
CPP='gcc -E'
CPPFLAGS=''
CXX='g++'
CXXCPP='g++ -E'
CXXDEPMODE='depmode=gcc3'
CXXFLAGS='-g -O2'
CYGPATH_W='echo'
DEFS='-DPACKAGE_NAME=\"libecf\" -DPACKAGE_TARNAME=\"libecf\" -DPACKAGE_VERSION=\"1.4.2\" -DPACKAGE_STRING=\"libecf\ 1.4.2\" -DPACKAGE_BUGREPORT=\"domagoj.jakobovic@fer.hr\" -DPACKAGE_URL=\"\" -DPACKAGE=\"libecf\" -DVERSION=\"1.4.2\" -DSTDC_HEADERS=1 -DHAVE_SYS_TYPES_H=1 -DHAVE_SYS_STAT_H=1 -DHAVE_STDLIB_H=1 -DHAVE_STRING_H=1 -DHAVE_MEMORY_H=1 -DHAVE_STRINGS_H=1 -DHAVE_INTTYPES_H=1 -DHAVE_STDINT_H=1 -DHAVE_UNISTD_H=1 -DHAVE_DLFCN_H=1 -DLT_OBJDIR=\".libs/\"'
DEPDIR='.deps'
DLLTOOL='false'
DSYMUTIL=''
DUMPBIN=''
ECHO_C=''
ECHO_N='-n'
ECHO_T=''
EGREP='/bin/grep -E'
EXEEXT=''
FGREP='/bin/grep -F'
GREP='/bin/grep'
INSTALL_DATA='${INSTALL} -m 644'
INSTALL_PROGRAM='${INSTALL}'
INSTALL_SCRIPT='${INSTALL}'
INSTALL_STRIP_PROGRAM='$(install_sh) -c -s'
LD='/usr/bin/ld -m elf_x86_64'
LDFLAGS=''
LIBOBJS=''
LIBS=''
LIBTOOL='$(SHELL) $(top_builddir)/libtool'
LIPO=''
LN_S='ln -s'
LTLIBOBJS=''
LT_SYS_LIBRARY_PATH=''
MAKEINFO='${SHELL} /home/karla/ECF_scheduling/missing makeinfo'
MANIFEST_TOOL=':'
MKDIR_P='/bin/mkdir -p'
MPI_FALSE=''
MPI_TRUE='#'
NM='/usr/bin/nm -B'
NMEDIT=''
OBJDUMP='objdump'
OBJEXT='o'
OTOOL64=''
OTOOL=''
PACKAGE='libecf'
PACKAGE_BUGREPORT='domagoj.jakobovic@fer.hr'
PACKAGE_NAME='libecf'
PACKAGE_STRING='libecf 1.4.2'
PACKAGE_TARNAME='libecf'
PACKAGE_URL=''
PACKAGE_VERSION='1.4.2'
PATH_SEPARATOR=':'
RANLIB='ranlib'
SED='/bin/sed'
SET_MAKE=''
SHELL='/bin/bash'
STRIP='strip'
VERSION='1.4.2'
ac_ct_AR='ar'
ac_ct_CC='gcc'
ac_ct_CXX='g++'
ac_ct_DUMPBIN=''
am__EXEEXT_FALSE=''
am__EXEEXT_TRUE='#'
am__fastdepCC_FALSE='#'
am__fastdepCC_TRUE=''
am__fastdepCXX_FALSE='#'
am__fastdepCXX_TRUE=''
am__include='include'
am__isrc=''
am__leading_dot='.'
am__nodep='_no'
am__quote=''
am__tar='$${TAR-tar} chof - "$$tardir"'
am__untar='$${TAR-tar} xf -'
bindir='${exec_prefix}/bin'
build='x86_64-pc-linux-gnu'
build_alias=''
build_cpu='x86_64'
build_os='linux-gnu'
build_vendor='pc'
datadir='${datarootdir}'
datarootdir='${prefix}/share'
docdir='${datarootdir}/doc/${PACKAGE_TARNAME}'
dvidir='${docdir}'
exec_prefix='${prefix}'
host='x86_64-pc-linux-gnu'
host_alias=''
host_cpu='x86_64'
host_os='linux-gnu'
host_vendor='pc'
htmldir='${docdir}'
includedir='${prefix}/include'
infodir='${datarootdir}/info'
install_sh='${SHELL} /home/karla/ECF_scheduling/install-sh'
libdir='${exec_prefix}/lib'
libexecdir='${exec_prefix}/libexec'
localedir='${datarootdir}/locale'
localstatedir='${prefix}/var'
mandir='${datarootdir}/man'
mkdir_p='$(MKDIR_P)'
oldincludedir='/usr/include'
pdfdir='${docdir}'
prefix='/usr/local'
program_transform_name='s,x,x,'
psdir='${docdir}'
runstatedir='${localstatedir}/run'
sbindir='${exec_prefix}/sbin'
sharedstatedir='${prefix}/com'
sysconfdir='${prefix}/etc'
target_alias=''

## ----------- ##
## confdefs.h. ##
## ----------- ##

/* confdefs.h */
#define PACKAGE_NAME "libecf"
#define PACKAGE_TARNAME "libecf"
#define PACKAGE_VERSION "1.4.2"
#define PACKAGE_STRING "libecf 1.4.2"
#define PACKAGE_BUGREPORT "domagoj.jakobovic@fer.hr"
#define PACKAGE_URL ""
#define PACKAGE "libecf"
#define VERSION "1.4.2"
#define STDC_HEADERS 1
#define HAVE_SYS_TYPES_H 1
#define HAVE_SYS_STAT_H 1
#define HAVE_STDLIB_H 1
#define HAVE_STRING_H 1
#define HAVE_MEMORY_H 1
#define HAVE_STRINGS_H 1
#define HAVE_INTTYPES_H 1
#define HAVE_STDINT_H 1
#define HAVE_UNISTD_H 1
#define HAVE_DLFCN_H 1
#define LT_OBJDIR ".libs/"

configure: exit 0
